Array
(
    [USER] => www-data
    [HOME] => /var/www
    [HTTP_CONTENT_LENGTH] => 519
    [HTTP_CONTENT_TYPE] => multipart/form-data; boundary=---------------------------27603131451912
    [HTTP_UPGRADE_INSECURE_REQUESTS] => 1
    [HTTP_CONNECTION] => keep-alive
    [HTTP_COOKIE] => _ga=GA1.2.472980907.1513867118; PHPSESSID=c85e86689e88b76a657a40a066f0d37a
    [HTTP_REFERER] => http://zsr.iirii.com/demo_shopping_cart/login.php
    [HTTP_ACCEPT_ENCODING] => gzip, deflate
    [HTTP_ACCEPT_LANGUAGE] => en-US,en;q=0.5
    [HTTP_ACCEPT] => text/html,application/xhtml+xml,application/xml;q=0.9,*/*;q=0.8
    [HTTP_USER_AGENT] => Mozilla/5.0 (Windows NT 10.0; Win64; x64; rv:50.0) Gecko/20100101 Firefox/50.0 Cyberfox/50.0.2
    [HTTP_HOST] => zsr.iirii.com
    [REDIRECT_STATUS] => 200
    [SERVER_NAME] => zsr.iirii.com
    [SERVER_PORT] => 80
    [SERVER_ADDR] => 118.190.6.78
    [REMOTE_PORT] => 2322
    [REMOTE_ADDR] => 115.175.103.174
    [SERVER_SOFTWARE] => nginx/1.12.0
    [GATEWAY_INTERFACE] => CGI/1.1
    [REQUEST_SCHEME] => http
    [SERVER_PROTOCOL] => HTTP/1.1
    [DOCUMENT_ROOT] => /data/home/yzhang/ServerRun/
    [DOCUMENT_URI] => /demo_shopping_cart/login.php
    [REQUEST_URI] => /demo_shopping_cart/login.php
    [SCRIPT_NAME] => /demo_shopping_cart/login.php
    [CONTENT_LENGTH] => 519
    [CONTENT_TYPE] => multipart/form-data; boundary=---------------------------27603131451912
    [REQUEST_METHOD] => POST
    [QUERY_STRING] => 
    [SCRIPT_FILENAME] => /data/home/yzhang/ServerRun//demo_shopping_cart/login.php
    [FCGI_ROLE] => RESPONDER
    [PHP_SELF] => /demo_shopping_cart/login.php
    [REQUEST_TIME_FLOAT] => 1515205653.6624
    [REQUEST_TIME] => 1515205653
)
Array
(
    [USER] => www-data
    [HOME] => /var/www
    [HTTP_CONTENT_LENGTH] => 519
    [HTTP_CONTENT_TYPE] => multipart/form-data; boundary=---------------------------65201972830575
    [HTTP_UPGRADE_INSECURE_REQUESTS] => 1
    [HTTP_CONNECTION] => keep-alive
    [HTTP_COOKIE] => _ga=GA1.2.472980907.1513867118; PHPSESSID=c85e86689e88b76a657a40a066f0d37a
    [HTTP_REFERER] => http://zsr.iirii.com/demo_shopping_cart/login.php
    [HTTP_ACCEPT_ENCODING] => gzip, deflate
    [HTTP_ACCEPT_LANGUAGE] => en-US,en;q=0.5
    [HTTP_ACCEPT] => text/html,application/xhtml+xml,application/xml;q=0.9,*/*;q=0.8
    [HTTP_USER_AGENT] => Mozilla/5.0 (Windows NT 10.0; Win64; x64; rv:50.0) Gecko/20100101 Firefox/50.0 Cyberfox/50.0.2
    [HTTP_HOST] => zsr.iirii.com
    [REDIRECT_STATUS] => 200
    [SERVER_NAME] => zsr.iirii.com
    [SERVER_PORT] => 80
    [SERVER_ADDR] => 118.190.6.78
    [REMOTE_PORT] => 2322
    [REMOTE_ADDR] => 115.175.103.174
    [SERVER_SOFTWARE] => nginx/1.12.0
    [GATEWAY_INTERFACE] => CGI/1.1
    [REQUEST_SCHEME] => http
    [SERVER_PROTOCOL] => HTTP/1.1
    [DOCUMENT_ROOT] => /data/home/yzhang/ServerRun/
    [DOCUMENT_URI] => /demo_shopping_cart/login.php
    [REQUEST_URI] => /demo_shopping_cart/login.php
    [SCRIPT_NAME] => /demo_shopping_cart/login.php
    [CONTENT_LENGTH] => 519
    [CONTENT_TYPE] => multipart/form-data; boundary=---------------------------65201972830575
    [REQUEST_METHOD] => POST
    [QUERY_STRING] => 
    [SCRIPT_FILENAME] => /data/home/yzhang/ServerRun//demo_shopping_cart/login.php
    [FCGI_ROLE] => RESPONDER
    [PHP_SELF] => /demo_shopping_cart/login.php
    [REQUEST_TIME_FLOAT] => 1515205655.1455
    [REQUEST_TIME] => 1515205655
)
Array
(
    [USER] => www-data
    [HOME] => /var/www
    [HTTP_CONTENT_LENGTH] => 524
    [HTTP_CONTENT_TYPE] => multipart/form-data; boundary=---------------------------253532906724008
    [HTTP_UPGRADE_INSECURE_REQUESTS] => 1
    [HTTP_CONNECTION] => keep-alive
    [HTTP_COOKIE] => _ga=GA1.2.472980907.1513867118; PHPSESSID=c85e86689e88b76a657a40a066f0d37a
    [HTTP_REFERER] => http://zsr.iirii.com/demo_shopping_cart/login.php
    [HTTP_ACCEPT_ENCODING] => gzip, deflate
    [HTTP_ACCEPT_LANGUAGE] => en-US,en;q=0.5
    [HTTP_ACCEPT] => text/html,application/xhtml+xml,application/xml;q=0.9,*/*;q=0.8
    [HTTP_USER_AGENT] => Mozilla/5.0 (Windows NT 10.0; Win64; x64; rv:50.0) Gecko/20100101 Firefox/50.0 Cyberfox/50.0.2
    [HTTP_HOST] => zsr.iirii.com
    [REDIRECT_STATUS] => 200
    [SERVER_NAME] => zsr.iirii.com
    [SERVER_PORT] => 80
    [SERVER_ADDR] => 118.190.6.78
    [REMOTE_PORT] => 2322
    [REMOTE_ADDR] => 115.175.103.174
    [SERVER_SOFTWARE] => nginx/1.12.0
    [GATEWAY_INTERFACE] => CGI/1.1
    [REQUEST_SCHEME] => http
    [SERVER_PROTOCOL] => HTTP/1.1
    [DOCUMENT_ROOT] => /data/home/yzhang/ServerRun/
    [DOCUMENT_URI] => /demo_shopping_cart/login.php
    [REQUEST_URI] => /demo_shopping_cart/login.php
    [SCRIPT_NAME] => /demo_shopping_cart/login.php
    [CONTENT_LENGTH] => 524
    [CONTENT_TYPE] => multipart/form-data; boundary=---------------------------253532906724008
    [REQUEST_METHOD] => POST
    [QUERY_STRING] => 
    [SCRIPT_FILENAME] => /data/home/yzhang/ServerRun//demo_shopping_cart/login.php
    [FCGI_ROLE] => RESPONDER
    [PHP_SELF] => /demo_shopping_cart/login.php
    [REQUEST_TIME_FLOAT] => 1515205655.556
    [REQUEST_TIME] => 1515205655
)
Array
(
    [USER] => www-data
    [HOME] => /var/www
    [HTTP_CONTENT_LENGTH] => 519
    [HTTP_CONTENT_TYPE] => multipart/form-data; boundary=---------------------------28344924520412
    [HTTP_UPGRADE_INSECURE_REQUESTS] => 1
    [HTTP_CONNECTION] => keep-alive
    [HTTP_COOKIE] => _ga=GA1.2.472980907.1513867118; PHPSESSID=c85e86689e88b76a657a40a066f0d37a
    [HTTP_REFERER] => http://zsr.iirii.com/demo_shopping_cart/login.php
    [HTTP_ACCEPT_ENCODING] => gzip, deflate
    [HTTP_ACCEPT_LANGUAGE] => en-US,en;q=0.5
    [HTTP_ACCEPT] => text/html,application/xhtml+xml,application/xml;q=0.9,*/*;q=0.8
    [HTTP_USER_AGENT] => Mozilla/5.0 (Windows NT 10.0; Win64; x64; rv:50.0) Gecko/20100101 Firefox/50.0 Cyberfox/50.0.2
    [HTTP_HOST] => zsr.iirii.com
    [REDIRECT_STATUS] => 200
    [SERVER_NAME] => zsr.iirii.com
    [SERVER_PORT] => 80
    [SERVER_ADDR] => 118.190.6.78
    [REMOTE_PORT] => 2322
    [REMOTE_ADDR] => 115.175.103.174
    [SERVER_SOFTWARE] => nginx/1.12.0
    [GATEWAY_INTERFACE] => CGI/1.1
    [REQUEST_SCHEME] => http
    [SERVER_PROTOCOL] => HTTP/1.1
    [DOCUMENT_ROOT] => /data/home/yzhang/ServerRun/
    [DOCUMENT_URI] => /demo_shopping_cart/login.php
    [REQUEST_URI] => /demo_shopping_cart/login.php
    [SCRIPT_NAME] => /demo_shopping_cart/login.php
    [CONTENT_LENGTH] => 519
    [CONTENT_TYPE] => multipart/form-data; boundary=---------------------------28344924520412
    [REQUEST_METHOD] => POST
    [QUERY_STRING] => 
    [SCRIPT_FILENAME] => /data/home/yzhang/ServerRun//demo_shopping_cart/login.php
    [FCGI_ROLE] => RESPONDER
    [PHP_SELF] => /demo_shopping_cart/login.php
    [REQUEST_TIME_FLOAT] => 1515205660.2492
    [REQUEST_TIME] => 1515205660
)
Array
(
    [USER] => www-data
    [HOME] => /var/www
    [HTTP_CONTENT_LENGTH] => 514
    [HTTP_CONTENT_TYPE] => multipart/form-data; boundary=---------------------------7210289163208
    [HTTP_UPGRADE_INSECURE_REQUESTS] => 1
    [HTTP_CONNECTION] => keep-alive
    [HTTP_COOKIE] => _ga=GA1.2.472980907.1513867118; PHPSESSID=c85e86689e88b76a657a40a066f0d37a
    [HTTP_REFERER] => http://zsr.iirii.com/demo_shopping_cart/login.php
    [HTTP_ACCEPT_ENCODING] => gzip, deflate
    [HTTP_ACCEPT_LANGUAGE] => en-US,en;q=0.5
    [HTTP_ACCEPT] => text/html,application/xhtml+xml,application/xml;q=0.9,*/*;q=0.8
    [HTTP_USER_AGENT] => Mozilla/5.0 (Windows NT 10.0; Win64; x64; rv:50.0) Gecko/20100101 Firefox/50.0 Cyberfox/50.0.2
    [HTTP_HOST] => zsr.iirii.com
    [REDIRECT_STATUS] => 200
    [SERVER_NAME] => zsr.iirii.com
    [SERVER_PORT] => 80
    [SERVER_ADDR] => 118.190.6.78
    [REMOTE_PORT] => 2322
    [REMOTE_ADDR] => 115.175.103.174
    [SERVER_SOFTWARE] => nginx/1.12.0
    [GATEWAY_INTERFACE] => CGI/1.1
    [REQUEST_SCHEME] => http
    [SERVER_PROTOCOL] => HTTP/1.1
    [DOCUMENT_ROOT] => /data/home/yzhang/ServerRun/
    [DOCUMENT_URI] => /demo_shopping_cart/login.php
    [REQUEST_URI] => /demo_shopping_cart/login.php
    [SCRIPT_NAME] => /demo_shopping_cart/login.php
    [CONTENT_LENGTH] => 514
    [CONTENT_TYPE] => multipart/form-data; boundary=---------------------------7210289163208
    [REQUEST_METHOD] => POST
    [QUERY_STRING] => 
    [SCRIPT_FILENAME] => /data/home/yzhang/ServerRun//demo_shopping_cart/login.php
    [FCGI_ROLE] => RESPONDER
    [PHP_SELF] => /demo_shopping_cart/login.php
    [REQUEST_TIME_FLOAT] => 1515205660.514
    [REQUEST_TIME] => 1515205660
)
Array
(
    [USER] => www-data
    [HOME] => /var/www
    [HTTP_CONTENT_LENGTH] => 514
    [HTTP_CONTENT_TYPE] => multipart/form-data; boundary=---------------------------7210289163208
    [HTTP_CACHE_CONTROL] => max-age=0
    [HTTP_UPGRADE_INSECURE_REQUESTS] => 1
    [HTTP_CONNECTION] => keep-alive
    [HTTP_COOKIE] => _ga=GA1.2.472980907.1513867118; PHPSESSID=c85e86689e88b76a657a40a066f0d37a
    [HTTP_REFERER] => http://zsr.iirii.com/demo_shopping_cart/login.php
    [HTTP_ACCEPT_ENCODING] => gzip, deflate
    [HTTP_ACCEPT_LANGUAGE] => en-US,en;q=0.5
    [HTTP_ACCEPT] => text/html,application/xhtml+xml,application/xml;q=0.9,*/*;q=0.8
    [HTTP_USER_AGENT] => Mozilla/5.0 (Windows NT 10.0; Win64; x64; rv:50.0) Gecko/20100101 Firefox/50.0 Cyberfox/50.0.2
    [HTTP_HOST] => zsr.iirii.com
    [REDIRECT_STATUS] => 200
    [SERVER_NAME] => zsr.iirii.com
    [SERVER_PORT] => 80
    [SERVER_ADDR] => 118.190.6.78
    [REMOTE_PORT] => 2322
    [REMOTE_ADDR] => 115.175.103.174
    [SERVER_SOFTWARE] => nginx/1.12.0
    [GATEWAY_INTERFACE] => CGI/1.1
    [REQUEST_SCHEME] => http
    [SERVER_PROTOCOL] => HTTP/1.1
    [DOCUMENT_ROOT] => /data/home/yzhang/ServerRun/
    [DOCUMENT_URI] => /demo_shopping_cart/login.php
    [REQUEST_URI] => /demo_shopping_cart/login.php
    [SCRIPT_NAME] => /demo_shopping_cart/login.php
    [CONTENT_LENGTH] => 514
    [CONTENT_TYPE] => multipart/form-data; boundary=---------------------------7210289163208
    [REQUEST_METHOD] => POST
    [QUERY_STRING] => 
    [SCRIPT_FILENAME] => /data/home/yzhang/ServerRun//demo_shopping_cart/login.php
    [FCGI_ROLE] => RESPONDER
    [PHP_SELF] => /demo_shopping_cart/login.php
    [REQUEST_TIME_FLOAT] => 1515205663.3458
    [REQUEST_TIME] => 1515205663
)
Array
(
    [USER] => www-data
    [HOME] => /var/www
    [HTTP_CONTENT_LENGTH] => 519
    [HTTP_CONTENT_TYPE] => multipart/form-data; boundary=---------------------------65201972830575
    [HTTP_CACHE_CONTROL] => max-age=0
    [HTTP_UPGRADE_INSECURE_REQUESTS] => 1
    [HTTP_CONNECTION] => keep-alive
    [HTTP_COOKIE] => _ga=GA1.2.472980907.1513867118; PHPSESSID=c85e86689e88b76a657a40a066f0d37a
    [HTTP_REFERER] => http://zsr.iirii.com/demo_shopping_cart/login.php
    [HTTP_ACCEPT_ENCODING] => gzip, deflate
    [HTTP_ACCEPT_LANGUAGE] => en-US,en;q=0.5
    [HTTP_ACCEPT] => text/html,application/xhtml+xml,application/xml;q=0.9,*/*;q=0.8
    [HTTP_USER_AGENT] => Mozilla/5.0 (Windows NT 10.0; Win64; x64; rv:50.0) Gecko/20100101 Firefox/50.0 Cyberfox/50.0.2
    [HTTP_HOST] => zsr.iirii.com
    [REDIRECT_STATUS] => 200
    [SERVER_NAME] => zsr.iirii.com
    [SERVER_PORT] => 80
    [SERVER_ADDR] => 118.190.6.78
    [REMOTE_PORT] => 2322
    [REMOTE_ADDR] => 115.175.103.174
    [SERVER_SOFTWARE] => nginx/1.12.0
    [GATEWAY_INTERFACE] => CGI/1.1
    [REQUEST_SCHEME] => http
    [SERVER_PROTOCOL] => HTTP/1.1
    [DOCUMENT_ROOT] => /data/home/yzhang/ServerRun/
    [DOCUMENT_URI] => /demo_shopping_cart/login.php
    [REQUEST_URI] => /demo_shopping_cart/login.php
    [SCRIPT_NAME] => /demo_shopping_cart/login.php
    [CONTENT_LENGTH] => 519
    [CONTENT_TYPE] => multipart/form-data; boundary=---------------------------65201972830575
    [REQUEST_METHOD] => POST
    [QUERY_STRING] => 
    [SCRIPT_FILENAME] => /data/home/yzhang/ServerRun//demo_shopping_cart/login.php
    [FCGI_ROLE] => RESPONDER
    [PHP_SELF] => /demo_shopping_cart/login.php
    [REQUEST_TIME_FLOAT] => 1515205674.0286
    [REQUEST_TIME] => 1515205674
)
Array
(
    [USER] => www-data
    [HOME] => /var/www
    [HTTP_CONTENT_LENGTH] => 519
    [HTTP_CONTENT_TYPE] => multipart/form-data; boundary=---------------------------65201972830575
    [HTTP_CACHE_CONTROL] => max-age=0
    [HTTP_UPGRADE_INSECURE_REQUESTS] => 1
    [HTTP_CONNECTION] => keep-alive
    [HTTP_COOKIE] => _ga=GA1.2.472980907.1513867118; PHPSESSID=c85e86689e88b76a657a40a066f0d37a
    [HTTP_REFERER] => http://zsr.iirii.com/demo_shopping_cart/login.php
    [HTTP_ACCEPT_ENCODING] => gzip, deflate
    [HTTP_ACCEPT_LANGUAGE] => en-US,en;q=0.5
    [HTTP_ACCEPT] => text/html,application/xhtml+xml,application/xml;q=0.9,*/*;q=0.8
    [HTTP_USER_AGENT] => Mozilla/5.0 (Windows NT 10.0; Win64; x64; rv:50.0) Gecko/20100101 Firefox/50.0 Cyberfox/50.0.2
    [HTTP_HOST] => zsr.iirii.com
    [REDIRECT_STATUS] => 200
    [SERVER_NAME] => zsr.iirii.com
    [SERVER_PORT] => 80
    [SERVER_ADDR] => 118.190.6.78
    [REMOTE_PORT] => 2432
    [REMOTE_ADDR] => 115.175.103.174
    [SERVER_SOFTWARE] => nginx/1.12.0
    [GATEWAY_INTERFACE] => CGI/1.1
    [REQUEST_SCHEME] => http
    [SERVER_PROTOCOL] => HTTP/1.1
    [DOCUMENT_ROOT] => /data/home/yzhang/ServerRun/
    [DOCUMENT_URI] => /demo_shopping_cart/login.php
    [REQUEST_URI] => /demo_shopping_cart/login.php
    [SCRIPT_NAME] => /demo_shopping_cart/login.php
    [CONTENT_LENGTH] => 519
    [CONTENT_TYPE] => multipart/form-data; boundary=---------------------------65201972830575
    [REQUEST_METHOD] => POST
    [QUERY_STRING] => 
    [SCRIPT_FILENAME] => /data/home/yzhang/ServerRun//demo_shopping_cart/login.php
    [FCGI_ROLE] => RESPONDER
    [PHP_SELF] => /demo_shopping_cart/login.php
    [REQUEST_TIME_FLOAT] => 1515205988.5216
    [REQUEST_TIME] => 1515205988
)
Array
(
    [USER] => www-data
    [HOME] => /var/www
    [HTTP_UPGRADE_INSECURE_REQUESTS] => 1
    [HTTP_CONNECTION] => keep-alive
    [HTTP_COOKIE] => _ga=GA1.2.472980907.1513867118; PHPSESSID=c85e86689e88b76a657a40a066f0d37a
    [HTTP_REFERER] => http://zsr.iirii.com/demo_shopping_cart/login.php
    [HTTP_ACCEPT_ENCODING] => gzip, deflate
    [HTTP_ACCEPT_LANGUAGE] => en-US,en;q=0.5
    [HTTP_ACCEPT] => text/html,application/xhtml+xml,application/xml;q=0.9,*/*;q=0.8
    [HTTP_USER_AGENT] => Mozilla/5.0 (Windows NT 10.0; Win64; x64; rv:50.0) Gecko/20100101 Firefox/50.0 Cyberfox/50.0.2
    [HTTP_HOST] => zsr.iirii.com
    [REDIRECT_STATUS] => 200
    [SERVER_NAME] => zsr.iirii.com
    [SERVER_PORT] => 80
    [SERVER_ADDR] => 118.190.6.78
    [REMOTE_PORT] => 2480
    [REMOTE_ADDR] => 115.175.103.174
    [SERVER_SOFTWARE] => nginx/1.12.0
    [GATEWAY_INTERFACE] => CGI/1.1
    [REQUEST_SCHEME] => http
    [SERVER_PROTOCOL] => HTTP/1.1
    [DOCUMENT_ROOT] => /data/home/yzhang/ServerRun/
    [DOCUMENT_URI] => /demo_shopping_cart/login.php
    [REQUEST_URI] => /demo_shopping_cart/login.php
    [SCRIPT_NAME] => /demo_shopping_cart/login.php
    [CONTENT_LENGTH] => 
    [CONTENT_TYPE] => 
    [REQUEST_METHOD] => GET
    [QUERY_STRING] => 
    [SCRIPT_FILENAME] => /data/home/yzhang/ServerRun//demo_shopping_cart/login.php
    [FCGI_ROLE] => RESPONDER
    [PHP_SELF] => /demo_shopping_cart/login.php
    [REQUEST_TIME_FLOAT] => 1515206271.328
    [REQUEST_TIME] => 1515206271
)
Array
(
    [USER] => www-data
    [HOME] => /var/www
    [HTTP_UPGRADE_INSECURE_REQUESTS] => 1
    [HTTP_CONNECTION] => keep-alive
    [HTTP_COOKIE] => _ga=GA1.2.472980907.1513867118; PHPSESSID=c85e86689e88b76a657a40a066f0d37a
    [HTTP_REFERER] => http://zsr.iirii.com/demo_shopping_cart/login.php
    [HTTP_ACCEPT_ENCODING] => gzip, deflate
    [HTTP_ACCEPT_LANGUAGE] => en-US,en;q=0.5
    [HTTP_ACCEPT] => text/html,application/xhtml+xml,application/xml;q=0.9,*/*;q=0.8
    [HTTP_USER_AGENT] => Mozilla/5.0 (Windows NT 10.0; Win64; x64; rv:50.0) Gecko/20100101 Firefox/50.0 Cyberfox/50.0.2
    [HTTP_HOST] => zsr.iirii.com
    [REDIRECT_STATUS] => 200
    [SERVER_NAME] => zsr.iirii.com
    [SERVER_PORT] => 80
    [SERVER_ADDR] => 118.190.6.78
    [REMOTE_PORT] => 2480
    [REMOTE_ADDR] => 115.175.103.174
    [SERVER_SOFTWARE] => nginx/1.12.0
    [GATEWAY_INTERFACE] => CGI/1.1
    [REQUEST_SCHEME] => http
    [SERVER_PROTOCOL] => HTTP/1.1
    [DOCUMENT_ROOT] => /data/home/yzhang/ServerRun/
    [DOCUMENT_URI] => /demo_shopping_cart/login.php
    [REQUEST_URI] => /demo_shopping_cart/login.php
    [SCRIPT_NAME] => /demo_shopping_cart/login.php
    [CONTENT_LENGTH] => 
    [CONTENT_TYPE] => 
    [REQUEST_METHOD] => GET
    [QUERY_STRING] => 
    [SCRIPT_FILENAME] => /data/home/yzhang/ServerRun//demo_shopping_cart/login.php
    [FCGI_ROLE] => RESPONDER
    [PHP_SELF] => /demo_shopping_cart/login.php
    [REQUEST_TIME_FLOAT] => 1515206271.5845
    [REQUEST_TIME] => 1515206271
)
Array
(
    [USER] => www-data
    [HOME] => /var/www
    [HTTP_CACHE_CONTROL] => max-age=0
    [HTTP_UPGRADE_INSECURE_REQUESTS] => 1
    [HTTP_CONNECTION] => keep-alive
    [HTTP_COOKIE] => _ga=GA1.2.472980907.1513867118; PHPSESSID=c85e86689e88b76a657a40a066f0d37a
    [HTTP_REFERER] => http://zsr.iirii.com/demo_shopping_cart/login.php
    [HTTP_ACCEPT_ENCODING] => gzip, deflate
    [HTTP_ACCEPT_LANGUAGE] => en-US,en;q=0.5
    [HTTP_ACCEPT] => text/html,application/xhtml+xml,application/xml;q=0.9,*/*;q=0.8
    [HTTP_USER_AGENT] => Mozilla/5.0 (Windows NT 10.0; Win64; x64; rv:50.0) Gecko/20100101 Firefox/50.0 Cyberfox/50.0.2
    [HTTP_HOST] => zsr.iirii.com
    [REDIRECT_STATUS] => 200
    [SERVER_NAME] => zsr.iirii.com
    [SERVER_PORT] => 80
    [SERVER_ADDR] => 118.190.6.78
    [REMOTE_PORT] => 2480
    [REMOTE_ADDR] => 115.175.103.174
    [SERVER_SOFTWARE] => nginx/1.12.0
    [GATEWAY_INTERFACE] => CGI/1.1
    [REQUEST_SCHEME] => http
    [SERVER_PROTOCOL] => HTTP/1.1
    [DOCUMENT_ROOT] => /data/home/yzhang/ServerRun/
    [DOCUMENT_URI] => /demo_shopping_cart/login.php
    [REQUEST_URI] => /demo_shopping_cart/login.php
    [SCRIPT_NAME] => /demo_shopping_cart/login.php
    [CONTENT_LENGTH] => 
    [CONTENT_TYPE] => 
    [REQUEST_METHOD] => GET
    [QUERY_STRING] => 
    [SCRIPT_FILENAME] => /data/home/yzhang/ServerRun//demo_shopping_cart/login.php
    [FCGI_ROLE] => RESPONDER
    [PHP_SELF] => /demo_shopping_cart/login.php
    [REQUEST_TIME_FLOAT] => 1515206275.4452
    [REQUEST_TIME] => 1515206275
)
Array
(
    [USER] => www-data
    [HOME] => /var/www
    [HTTP_UPGRADE_INSECURE_REQUESTS] => 1
    [HTTP_CONNECTION] => keep-alive
    [HTTP_COOKIE] => _ga=GA1.2.472980907.1513867118; PHPSESSID=c85e86689e88b76a657a40a066f0d37a
    [HTTP_REFERER] => http://zsr.iirii.com/demo_shopping_cart/login.php
    [HTTP_ACCEPT_ENCODING] => gzip, deflate
    [HTTP_ACCEPT_LANGUAGE] => en-US,en;q=0.5
    [HTTP_ACCEPT] => text/html,application/xhtml+xml,application/xml;q=0.9,*/*;q=0.8
    [HTTP_USER_AGENT] => Mozilla/5.0 (Windows NT 10.0; Win64; x64; rv:50.0) Gecko/20100101 Firefox/50.0 Cyberfox/50.0.2
    [HTTP_HOST] => zsr.iirii.com
    [REDIRECT_STATUS] => 200
    [SERVER_NAME] => zsr.iirii.com
    [SERVER_PORT] => 80
    [SERVER_ADDR] => 118.190.6.78
    [REMOTE_PORT] => 2480
    [REMOTE_ADDR] => 115.175.103.174
    [SERVER_SOFTWARE] => nginx/1.12.0
    [GATEWAY_INTERFACE] => CGI/1.1
    [REQUEST_SCHEME] => http
    [SERVER_PROTOCOL] => HTTP/1.1
    [DOCUMENT_ROOT] => /data/home/yzhang/ServerRun/
    [DOCUMENT_URI] => /demo_shopping_cart/login.php
    [REQUEST_URI] => /demo_shopping_cart/login.php
    [SCRIPT_NAME] => /demo_shopping_cart/login.php
    [CONTENT_LENGTH] => 
    [CONTENT_TYPE] => 
    [REQUEST_METHOD] => GET
    [QUERY_STRING] => 
    [SCRIPT_FILENAME] => /data/home/yzhang/ServerRun//demo_shopping_cart/login.php
    [FCGI_ROLE] => RESPONDER
    [PHP_SELF] => /demo_shopping_cart/login.php
    [REQUEST_TIME_FLOAT] => 1515206284.0962
    [REQUEST_TIME] => 1515206284
)
